<?xml version="1.0" encoding="UTF-8"?>
<!-- Generated by org.testng.reporters.JUnitReportReporter -->
<testsuite hostname="LAPTOP-HKFEJQST" failures="0" tests="1" name="RestAPIxml.XMLRequest" time="2.391" errors="0" timestamp="27 Nov 2021 15:28:58 GMT" skipped="0">
  <testcase classname="RestAPIxml.XMLRequest" name="test2" time="2.391"/>
</testsuite> <!-- RestAPIxml.XMLRequest -->
