<?xml version="1.0" encoding="UTF-8"?>
<!-- Generated by org.testng.reporters.JUnitReportReporter -->
<testsuite hostname="LAPTOP-HKFEJQST" failures="0" tests="1" name="RestAPI.PostRequestWithJsonObj" time="1.615" errors="0" timestamp="21 Nov 2021 14:19:20 GMT" skipped="0">
  <testcase classname="RestAPI.PostRequestWithJsonObj" name="PostCall" time="1.615"/>
</testsuite> <!-- RestAPI.PostRequestWithJsonObj -->
