<?xml version="1.0" encoding="UTF-8"?>
<!-- Generated by org.testng.reporters.JUnitReportReporter -->
<testsuite hostname="LAPTOP-HKFEJQST" failures="0" tests="1" name="RestAPI.PostRequest" time="1.671" errors="0" timestamp="21 Nov 2021 14:02:41 GMT" skipped="0">
  <testcase classname="RestAPI.PostRequest" name="PostCall" time="1.671"/>
</testsuite> <!-- RestAPI.PostRequest -->
