<?xml version="1.0" encoding="UTF-8"?>
<!-- Generated by org.testng.reporters.JUnitReportReporter -->
<testsuite hostname="LAPTOP-HKFEJQST" failures="0" tests="1" name="RestAPI.PutRequest" time="1.833" errors="0" timestamp="21 Nov 2021 15:16:06 GMT" skipped="0">
  <testcase classname="RestAPI.PutRequest" name="PutCall" time="1.833"/>
</testsuite> <!-- RestAPI.PutRequest -->
