<?xml version="1.0" encoding="UTF-8"?>
<!-- Generated by org.testng.reporters.JUnitReportReporter -->
<testsuite hostname="LAPTOP-HKFEJQST" failures="0" tests="1" name="RestAPI.GetRequest" time="1.582" errors="0" timestamp="21 Nov 2021 16:41:04 GMT" skipped="0">
  <testcase classname="RestAPI.GetRequest" name="GetCall" time="1.582"/>
</testsuite> <!-- RestAPI.GetRequest -->
