<?xml version="1.0" encoding="UTF-8"?>
<!-- Generated by org.testng.reporters.JUnitReportReporter -->
<testsuite hostname="LAPTOP-HKFEJQST" failures="0" tests="1" name="RestAPI.PostReqWithJsonMap" time="1.936" errors="0" timestamp="21 Nov 2021 14:33:10 GMT" skipped="0">
  <testcase classname="RestAPI.PostReqWithJsonMap" name="PostCall" time="1.936"/>
</testsuite> <!-- RestAPI.PostReqWithJsonMap -->
