<?xml version="1.0" encoding="UTF-8"?>
<!-- Generated by org.testng.reporters.JUnitReportReporter -->
<testsuite hostname="LAPTOP-HKFEJQST" failures="0" tests="1" name="RestAPI.DeleteRequest" time="1.503" errors="0" timestamp="21 Nov 2021 15:23:46 GMT" skipped="0">
  <testcase classname="RestAPI.DeleteRequest" name="PutCall" time="1.503"/>
</testsuite> <!-- RestAPI.DeleteRequest -->
