<?xml version="1.0" encoding="UTF-8"?>
<!-- Generated by org.testng.reporters.JUnitReportReporter -->
<testsuite hostname="LAPTOP-HKFEJQST" failures="0" tests="1" name="RestAPIBDD.GetRequest" time="2.495" errors="0" timestamp="27 Nov 2021 17:11:16 GMT" skipped="0">
  <testcase classname="RestAPIBDD.GetRequest" name="GetCall" time="2.495"/>
</testsuite> <!-- RestAPIBDD.GetRequest -->
