<?xml version="1.0" encoding="UTF-8"?>
<!-- Generated by org.testng.reporters.JUnitReportReporter -->
<testsuite hostname="LAPTOP-HKFEJQST" failures="0" tests="1" name="RestAPI.EndtoEndTest" time="2.739" errors="0" timestamp="27 Nov 2021 13:45:25 GMT" skipped="0">
  <testcase classname="RestAPI.EndtoEndTest" name="GetCall" time="2.739"/>
</testsuite> <!-- RestAPI.EndtoEndTest -->
