<?xml version="1.0" encoding="UTF-8"?>
<!-- Generated by org.testng.reporters.JUnitReportReporter -->
<testsuite hostname="LAPTOP-HKFEJQST" failures="0" tests="1" name="RestAPI.GetReqWithParams" time="1.586" errors="0" timestamp="21 Nov 2021 15:16:25 GMT" skipped="0">
  <testcase classname="RestAPI.GetReqWithParams" name="GetCall" time="1.586"/>
</testsuite> <!-- RestAPI.GetReqWithParams -->
