<?xml version="1.0" encoding="UTF-8"?>
<!-- Generated by org.testng.reporters.JUnitReportReporter -->
<testsuite hostname="LAPTOP-HKFEJQST" failures="0" tests="1" name="RestAPIBDD.PostRequest" time="2.819" errors="0" timestamp="27 Nov 2021 14:39:42 GMT" skipped="0">
  <testcase classname="RestAPIBDD.PostRequest" name="PostCall" time="2.819"/>
</testsuite> <!-- RestAPIBDD.PostRequest -->
