<?xml version="1.0" encoding="UTF-8"?>
<!-- Generated by org.testng.reporters.JUnitReportReporter -->
<testsuite hostname="LAPTOP-HKFEJQST" failures="0" tests="1" name="RestAPIBDD.PutRequest" time="2.947" errors="0" timestamp="27 Nov 2021 14:43:23 GMT" skipped="0">
  <testcase classname="RestAPIBDD.PutRequest" name="PutCall" time="2.947"/>
</testsuite> <!-- RestAPIBDD.PutRequest -->
