<?xml version="1.0" encoding="UTF-8"?>
<!-- Generated by org.testng.reporters.JUnitReportReporter -->
<testsuite hostname="LAPTOP-HKFEJQST" failures="0" tests="1" name="RestAPI.PostReqWithJSONFile" time="1.816" errors="0" timestamp="21 Nov 2021 15:02:07 GMT" skipped="0">
  <testcase classname="RestAPI.PostReqWithJSONFile" name="PostCall" time="1.816"/>
</testsuite> <!-- RestAPI.PostReqWithJSONFile -->
