<?xml version="1.0" encoding="UTF-8"?>
<!-- Generated by org.testng.reporters.JUnitReportReporter -->
<testsuite hostname="LAPTOP-HKFEJQST" failures="0" tests="1" name="RestAPIBDD.DeleteRequest" time="1.810" errors="0" timestamp="27 Nov 2021 14:56:06 GMT" skipped="0">
  <testcase classname="RestAPIBDD.DeleteRequest" name="DeleteCall" time="1.810"/>
</testsuite> <!-- RestAPIBDD.DeleteRequest -->
