<?xml version="1.0" encoding="UTF-8"?>
<!-- Generated by org.testng.reporters.JUnitReportReporter -->
<testsuite hostname="LAPTOP-HKFEJQST" failures="0" tests="1" name="RestAPI.GetRequest" time="3.395" errors="0" timestamp="28 Nov 2021 16:48:55 GMT" skipped="0">
  <testcase classname="RestAPI.GetRequest" name="GetCall" time="3.395"/>
</testsuite> <!-- RestAPI.GetRequest -->
