<?xml version="1.0" encoding="UTF-8"?>
<!-- Generated by org.testng.reporters.JUnitReportReporter -->
<testsuite hostname="LAPTOP-HKFEJQST" failures="0" tests="1" name="RestAPI.PostRequest" time="3.557" errors="0" timestamp="28 Nov 2021 15:09:46 GMT" skipped="0">
  <testcase classname="RestAPI.PostRequest" name="PostCall" time="3.557"/>
</testsuite> <!-- RestAPI.PostRequest -->
