<?xml version="1.0" encoding="UTF-8"?>
<!-- Generated by org.testng.reporters.JUnitReportReporter -->
<testsuite hostname="LAPTOP-HKFEJQST" failures="0" tests="1" name="oAuth.oAuthExample" time="3.739" errors="0" timestamp="28 Nov 2021 16:55:07 GMT" skipped="0">
  <testcase classname="oAuth.oAuthExample" name="test" time="3.739"/>
</testsuite> <!-- oAuth.oAuthExample -->
