<?xml version="1.0" encoding="UTF-8"?>
<!-- Generated by org.testng.reporters.JUnitReportReporter -->
<testsuite hostname="LAPTOP-HKFEJQST" failures="0" tests="1" name="RestAPI.PutRequest" time="2.570" errors="0" timestamp="28 Nov 2021 15:11:47 GMT" skipped="0">
  <testcase classname="RestAPI.PutRequest" name="PutCall" time="2.570"/>
</testsuite> <!-- RestAPI.PutRequest -->
