<?xml version="1.0" encoding="UTF-8"?>
<!-- Generated by org.testng.reporters.JUnitReportReporter -->
<testsuite hostname="LAPTOP-HKFEJQST" failures="0" tests="1" name="RestAPI.DeleteRequest" time="2.165" errors="0" timestamp="28 Nov 2021 15:12:06 GMT" skipped="0">
  <testcase classname="RestAPI.DeleteRequest" name="DeleteCall" time="2.165"/>
</testsuite> <!-- RestAPI.DeleteRequest -->
